[2017-04-12T11:10:38,491][INFO ][o.e.n.Node               ] [] initializing ...
[2017-04-12T11:10:38,676][INFO ][o.e.e.NodeEnvironment    ] [_Rz1L7U] using [1] data paths, mounts [[/ (overlay)]], net usable_space [7.6gb], net total_space [14.6gb], spins? [possibly], types [overlay]
[2017-04-12T11:10:38,676][INFO ][o.e.e.NodeEnvironment    ] [_Rz1L7U] heap size [247.5mb], compressed ordinary object pointers [true]
[2017-04-12T11:10:38,679][INFO ][o.e.n.Node               ] node name [_Rz1L7U] derived from node ID [_Rz1L7UTSQGq3Dnmx1OzfA]; set [node.name] to override
[2017-04-12T11:10:38,685][INFO ][o.e.n.Node               ] version[5.2.2], pid[1], build[f9d9b74/2017-02-24T17:26:45.835Z], OS[Linux/4.4.0-66-generic/amd64], JVM[Oracle Corporation/OpenJDK 64-Bit Server VM/1.8.0_92-internal/25.92-b14]
[2017-04-12T11:10:42,590][INFO ][o.e.p.PluginsService     ] [_Rz1L7U] loaded module [aggs-matrix-stats]
[2017-04-12T11:10:42,590][INFO ][o.e.p.PluginsService     ] [_Rz1L7U] loaded module [ingest-common]
[2017-04-12T11:10:42,590][INFO ][o.e.p.PluginsService     ] [_Rz1L7U] loaded module [lang-expression]
[2017-04-12T11:10:42,590][INFO ][o.e.p.PluginsService     ] [_Rz1L7U] loaded module [lang-groovy]
[2017-04-12T11:10:42,591][INFO ][o.e.p.PluginsService     ] [_Rz1L7U] loaded module [lang-mustache]
[2017-04-12T11:10:42,591][INFO ][o.e.p.PluginsService     ] [_Rz1L7U] loaded module [lang-painless]
[2017-04-12T11:10:42,591][INFO ][o.e.p.PluginsService     ] [_Rz1L7U] loaded module [percolator]
[2017-04-12T11:10:42,592][INFO ][o.e.p.PluginsService     ] [_Rz1L7U] loaded module [reindex]
[2017-04-12T11:10:42,593][INFO ][o.e.p.PluginsService     ] [_Rz1L7U] loaded module [transport-netty3]
[2017-04-12T11:10:42,593][INFO ][o.e.p.PluginsService     ] [_Rz1L7U] loaded module [transport-netty4]
[2017-04-12T11:10:42,594][INFO ][o.e.p.PluginsService     ] [_Rz1L7U] loaded plugin [x-pack]
[2017-04-12T11:10:50,301][INFO ][o.e.n.Node               ] initialized
[2017-04-12T11:10:50,302][INFO ][o.e.n.Node               ] [_Rz1L7U] starting ...
[2017-04-12T11:10:50,652][WARN ][i.n.u.i.MacAddressUtil   ] Failed to find a usable hardware address from the network interfaces; using random bytes: d8:76:0f:14:f5:1d:e2:8c
[2017-04-12T11:10:50,819][INFO ][o.e.t.TransportService   ] [_Rz1L7U] publish_address {172.18.0.2:9300}, bound_addresses {[::]:9300}
[2017-04-12T11:10:50,835][INFO ][o.e.b.BootstrapChecks    ] [_Rz1L7U] bound or publishing to a non-loopback or non-link-local address, enforcing bootstrap checks
[2017-04-12T11:10:53,994][INFO ][o.e.c.s.ClusterService   ] [_Rz1L7U] new_master {_Rz1L7U}{_Rz1L7UTSQGq3Dnmx1OzfA}{tCBohOcYRmC_hPf8VO6coQ}{172.18.0.2}{172.18.0.2:9300}, reason: zen-disco-elected-as-master ([0] nodes joined)
[2017-04-12T11:10:54,073][INFO ][o.e.h.HttpServer         ] [_Rz1L7U] publish_address {172.18.0.2:9200}, bound_addresses {[::]:9200}
[2017-04-12T11:10:54,074][INFO ][o.e.n.Node               ] [_Rz1L7U] started
[2017-04-12T11:10:54,118][INFO ][o.e.g.GatewayService     ] [_Rz1L7U] recovered [0] indices into cluster_state
[2017-04-12T11:10:54,198][INFO ][o.e.l.LicenseService     ] [_Rz1L7U] license [ad941067-aa91-4904-9049-42c1fa99b020] mode [trial] - valid
[2017-04-12T11:11:02,156][INFO ][o.e.c.m.MetaDataCreateIndexService] [_Rz1L7U] [.kibana] creating index, cause [api], templates [], shards [1]/[1], mappings [server, config]
[2017-04-12T11:14:03,376][INFO ][o.e.c.m.MetaDataCreateIndexService] [_Rz1L7U] [index2_apache_log] creating index, cause [auto(bulk api)], templates [], shards [5]/[1], mappings []
[2017-04-12T11:14:03,566][INFO ][o.e.c.m.MetaDataMappingService] [_Rz1L7U] [index2_apache_log/H2ySErkTRJ6imnXl1VRXrw] create_mapping [access_log_main]
[2017-04-12T11:14:21,124][INFO ][o.e.c.m.MetaDataMappingService] [_Rz1L7U] [index2_apache_log/H2ySErkTRJ6imnXl1VRXrw] update_mapping [access_log_main]
[2017-04-12T11:14:27,762][INFO ][o.e.c.m.MetaDataMappingService] [_Rz1L7U] [.kibana/OdxjW5_URHeoR6DXG0DgUA] create_mapping [index-pattern]
[2017-04-12T11:14:32,571][INFO ][o.e.c.m.MetaDataMappingService] [_Rz1L7U] [index2_apache_log/H2ySErkTRJ6imnXl1VRXrw] update_mapping [access_log_main]
[2017-04-12T11:14:49,496][INFO ][o.e.c.m.MetaDataMappingService] [_Rz1L7U] [.kibana/OdxjW5_URHeoR6DXG0DgUA] update_mapping [config]
[2017-04-12T11:15:02,291][INFO ][o.e.c.m.MetaDataMappingService] [_Rz1L7U] [.kibana/OdxjW5_URHeoR6DXG0DgUA] create_mapping [search]
